1584044430519	mozrunner::runner	INFO	Running command: "/usr/bin/firefox" "-marionette" "-headless" "-foreground" "-no-remote" "-profile" "/tmp/rust_mozprofileyVJA22"
*** You are running in headless mode.
1584044431656	addons.webextension.screenshots@mozilla.org	WARN	Loading extension 'screenshots@mozilla.org': Reading manifest: Invalid extension permission: mozillaAddons
1584044431658	addons.webextension.screenshots@mozilla.org	WARN	Loading extension 'screenshots@mozilla.org': Reading manifest: Invalid extension permission: telemetry
1584044431658	addons.webextension.screenshots@mozilla.org	WARN	Loading extension 'screenshots@mozilla.org': Reading manifest: Invalid extension permission: resource://pdf.js/
1584044431659	addons.webextension.screenshots@mozilla.org	WARN	Loading extension 'screenshots@mozilla.org': Reading manifest: Invalid extension permission: about:reader*
JavaScript error: undefined, line 14: Error: An unexpected error occurred
JavaScript error: moz-extension://d8fd3c3b-8d46-4b26-b68a-544ebc07af1a/lib/picture_in_picture_overrides.js, line 15: Error: Incorrect argument types for pictureInPictureParent.setOverrides.
JavaScript error: resource:///modules/sessionstore/SessionStore.jsm, line 1325: uncaught exception: 2147746065
1584044434719	Marionette	INFO	Listening on port 35449
1584044434731	Marionette	WARN	TLS certificate errors will be ignored for this session
JavaScript warning: https://cdnjs.cloudflare.com/ajax/libs/babel-core/5.8.23/browser.min.js, line 37: unreachable code after return statement
JavaScript warning: https://cdnjs.cloudflare.com/ajax/libs/babel-core/5.8.23/browser.min.js, line 37: unreachable code after return statement
JavaScript warning: https://cdnjs.cloudflare.com/ajax/libs/babel-core/5.8.23/browser.min.js, line 37: unreachable code after return statement
JavaScript warning: https://cdnjs.cloudflare.com/ajax/libs/babel-core/5.8.23/browser.min.js, line 37: unreachable code after return statement
1584044888952	mozrunner::runner	INFO	Running command: "/usr/bin/firefox" "-marionette" "-headless" "-foreground" "-no-remote" "-profile" "/tmp/rust_mozprofile2YY23H"
*** You are running in headless mode.
1584044889440	addons.webextension.screenshots@mozilla.org	WARN	Loading extension 'screenshots@mozilla.org': Reading manifest: Invalid extension permission: mozillaAddons
1584044889442	addons.webextension.screenshots@mozilla.org	WARN	Loading extension 'screenshots@mozilla.org': Reading manifest: Invalid extension permission: telemetry
1584044889442	addons.webextension.screenshots@mozilla.org	WARN	Loading extension 'screenshots@mozilla.org': Reading manifest: Invalid extension permission: resource://pdf.js/
1584044889443	addons.webextension.screenshots@mozilla.org	WARN	Loading extension 'screenshots@mozilla.org': Reading manifest: Invalid extension permission: about:reader*
JavaScript error: undefined, line 14: Error: An unexpected error occurred
JavaScript error: moz-extension://5fa9580c-a01c-4c9e-9571-69720d341e65/lib/picture_in_picture_overrides.js, line 15: Error: Incorrect argument types for pictureInPictureParent.setOverrides.
JavaScript error: resource:///modules/sessionstore/SessionStore.jsm, line 1325: uncaught exception: 2147746065
1584044891462	Marionette	INFO	Listening on port 41301
1584044891490	Marionette	WARN	TLS certificate errors will be ignored for this session
JavaScript warning: https://cdnjs.cloudflare.com/ajax/libs/babel-core/5.8.23/browser.min.js, line 37: unreachable code after return statement
JavaScript warning: https://cdnjs.cloudflare.com/ajax/libs/babel-core/5.8.23/browser.min.js, line 37: unreachable code after return statement
JavaScript warning: https://cdnjs.cloudflare.com/ajax/libs/babel-core/5.8.23/browser.min.js, line 37: unreachable code after return statement
JavaScript warning: https://cdnjs.cloudflare.com/ajax/libs/babel-core/5.8.23/browser.min.js, line 37: unreachable code after return statement
1584046116985	mozrunner::runner	INFO	Running command: "/usr/bin/firefox" "-marionette" "-headless" "-foreground" "-no-remote" "-profile" "/tmp/rust_mozprofilehWiFLn"
*** You are running in headless mode.
1584046117455	addons.webextension.screenshots@mozilla.org	WARN	Loading extension 'screenshots@mozilla.org': Reading manifest: Invalid extension permission: mozillaAddons
1584046117456	addons.webextension.screenshots@mozilla.org	WARN	Loading extension 'screenshots@mozilla.org': Reading manifest: Invalid extension permission: telemetry
1584046117456	addons.webextension.screenshots@mozilla.org	WARN	Loading extension 'screenshots@mozilla.org': Reading manifest: Invalid extension permission: resource://pdf.js/
1584046117456	addons.webextension.screenshots@mozilla.org	WARN	Loading extension 'screenshots@mozilla.org': Reading manifest: Invalid extension permission: about:reader*
JavaScript error: undefined, line 14: Error: An unexpected error occurred
JavaScript error: moz-extension://e0c638ba-baff-4c22-93c6-f3b3a87151d3/lib/picture_in_picture_overrides.js, line 15: Error: Incorrect argument types for pictureInPictureParent.setOverrides.
JavaScript error: resource:///modules/sessionstore/SessionStore.jsm, line 1325: uncaught exception: 2147746065
1584046119077	Marionette	INFO	Listening on port 43137
1584046119099	Marionette	WARN	TLS certificate errors will be ignored for this session
JavaScript warning: https://cdnjs.cloudflare.com/ajax/libs/babel-core/5.8.23/browser.min.js, line 37: unreachable code after return statement
JavaScript warning: https://cdnjs.cloudflare.com/ajax/libs/babel-core/5.8.23/browser.min.js, line 37: unreachable code after return statement
JavaScript warning: https://cdnjs.cloudflare.com/ajax/libs/babel-core/5.8.23/browser.min.js, line 37: unreachable code after return statement
JavaScript warning: https://cdnjs.cloudflare.com/ajax/libs/babel-core/5.8.23/browser.min.js, line 37: unreachable code after return statement
